[ 2017-06-12T09:47:42+08:00 ] ::1 /student/index.php
ERR: 无法加载控制器:Index

[ 2017-06-12T11:09:55+08:00 ] ::1 /biye/index.php/Home/Stu/xuanke?c_num=10011
ERR: 1062:Duplicate entry '1001' for key 'PRIMARY'
 [ SQL语句 ] : INSERT INTO `think_student` (`s_num`,`s_xuan`) VALUES ('1001','10011')

[ 2017-06-12T11:41:30+08:00 ] ::1 /biye/index.php/Home/Stu/inquire
ERR: 非法操作:inquire

[ 2017-06-12T11:41:50+08:00 ] ::1 /biye/index.php/Home/Stu/inquire
ERR: 非法操作:inquire

[ 2017-06-12T14:33:17+08:00 ] ::1 /biye/index.php/Home/Tea/cha1
ERR: 1064:You have an error in your SQL syntax; check the manual that corresponds to your MySQL server version for the right syntax to use near ')' at line 1
 [ SQL语句 ] : SELECT * FROM `think_student` WHERE `s_xuan` IN () 

[ 2017-06-12T15:45:30+08:00 ] ::1 /biye/index.php/Home/Zhuren/cha
ERR: 非法操作:cha

[ 2017-06-12T15:58:52+08:00 ] ::1 /biye/index.php/Home/Zhuren/shen?c_num=10012
ERR: 模板不存在:./student/Home/View/Zhuren/shen.html

[ 2017-06-12T16:01:17+08:00 ] ::1 /biye/index.php/Home/Zhuren/add
ERR: 非法操作:add

[ 2017-06-12T16:12:22+08:00 ] ::1 /biye/index.php/Home/Zhuren/cha1
ERR: 非法操作:cha1

[ 2017-06-12T16:12:26+08:00 ] ::1 /biye/index.php/Home/Zhuren/add
ERR: 非法操作:add

[ 2017-06-12T16:13:11+08:00 ] ::1 /biye/index.php/Home/Zhuren/add
ERR: 非法操作:add

[ 2017-06-12T17:03:00+08:00 ] ::1 /biye/index.php/Home/Zhuren/count
ERR: 1054:Unknown column 'num' in 'field list'
 [ SQL语句 ] : SELECT `num`,count(s_num) FROM `think_student` GROUP BY s_xuan 

[ 2017-06-12T17:26:57+08:00 ] ::1 /biye/index.php/Home/Zhuren/count
ERR: 1064:You have an error in your SQL syntax; check the manual that corresponds to your MySQL server version for the right syntax to use near ') LIMIT 1' at line 1
 [ SQL语句 ] : SELECT count(s_num) FROM `think_student` WHERE ( c_num= ) LIMIT 1  

