[ 2017-05-31T08:10:46+08:00 ] ::1 /student/index.php
ERR: 无法加载控制器:Index

[ 2017-05-31T09:34:18+08:00 ] ::1 /student/index.php/Home/Stu/result
ERR: 1064:You have an error in your SQL syntax; check the manual that corresponds to your MySQL server version for the right syntax to use near ')' at line 1
 [ SQL语句 ] : SELECT * FROM `think_course` WHERE `c_num` IN () 

[ 2017-05-31T09:35:05+08:00 ] ::1 /student/index.php/Home/Stu/result
ERR: 1064:You have an error in your SQL syntax; check the manual that corresponds to your MySQL server version for the right syntax to use near ')' at line 1
 [ SQL语句 ] : SELECT * FROM `think_course` WHERE `c_num` IN () 

[ 2017-05-31T09:35:08+08:00 ] ::1 /student/index.php/Home/Stu/result
ERR: 1064:You have an error in your SQL syntax; check the manual that corresponds to your MySQL server version for the right syntax to use near ')' at line 1
 [ SQL语句 ] : SELECT * FROM `think_course` WHERE `c_num` IN () 

[ 2017-05-31T09:35:10+08:00 ] ::1 /student/index.php/Home/Stu/result
ERR: 1064:You have an error in your SQL syntax; check the manual that corresponds to your MySQL server version for the right syntax to use near ')' at line 1
 [ SQL语句 ] : SELECT * FROM `think_course` WHERE `c_num` IN () 

[ 2017-05-31T09:42:55+08:00 ] ::1 /student/index.php/Home/Stu/result
ERR: 1064:You have an error in your SQL syntax; check the manual that corresponds to your MySQL server version for the right syntax to use near ')' at line 1
 [ SQL语句 ] : SELECT * FROM `think_course` WHERE `c_num` IN () 

[ 2017-05-31T09:51:23+08:00 ] ::1 /student/index.php/Home/Stu/result
ERR: 1064:You have an error in your SQL syntax; check the manual that corresponds to your MySQL server version for the right syntax to use near ')' at line 1
 [ SQL语句 ] : SELECT * FROM `think_course` WHERE `c_num` IN () 

[ 2017-05-31T14:13:51+08:00 ] ::1 /student/index.php/Home/Stu/result
ERR: 1064:You have an error in your SQL syntax; check the manual that corresponds to your MySQL server version for the right syntax to use near ')' at line 1
 [ SQL语句 ] : SELECT * FROM `think_course` WHERE `c_num` IN () 

[ 2017-05-31T15:52:13+08:00 ] ::1 /student/index.php/Home/Tea/xiugai1
ERR: 1305:FUNCTION xitong.I does not exist
 [ SQL语句 ] : UPDATE `think_grade` SET `grade`='100' WHERE ( id=I('post.id') )

[ 2017-05-31T15:54:56+08:00 ] ::1 /student/index.php/Home/inquire
ERR: 无法加载控制器:Inquire

[ 2017-05-31T15:55:12+08:00 ] ::1 /student/index.php/Home/inquire
ERR: 无法加载控制器:Inquire

[ 2017-05-31T16:46:38+08:00 ] ::1 /student/index.php
ERR: 无法加载控制器:Index

[ 2017-05-31T16:46:41+08:00 ] ::1 /student/index.php
ERR: 无法加载控制器:Index

